[2025-10-23 02:23:26,092: INFO: template: Creating Directory:.github\workflow for the .gitkeep]
[2025-10-23 02:23:26,093: INFO: template: Creating empty file : .github\workflow\.gitkeep]
[2025-10-23 02:23:26,094: INFO: template: Creating Directory:src\Chatbot for the __init__.py]
[2025-10-23 02:23:26,095: INFO: template: Creating empty file : src\Chatbot\__init__.py]
[2025-10-23 02:23:26,095: INFO: template: Creating Directory:src\Chatbot\components for the __init__.py]
[2025-10-23 02:23:26,096: INFO: template: Creating empty file : src\Chatbot\components\__init__.py]
[2025-10-23 02:23:26,098: INFO: template: Creating Directory:src\Chatbot\utils\common.pysrc\Chatbot\research\research.ipynbsrc\Chatbot\utils for the __init__.py]
[2025-10-23 02:23:26,105: INFO: template: Creating empty file : src\Chatbot\utils\common.pysrc\Chatbot\research\research.ipynbsrc\Chatbot\utils\__init__.py]
[2025-10-23 02:23:26,106: INFO: template: Creating Directory:src\Chatbot\logging for the __init__.py]
[2025-10-23 02:23:26,107: INFO: template: __init__.py is Already exists]
[2025-10-23 02:23:26,107: INFO: template: Creating Directory:src\Chatbot\config for the __init__.py]
[2025-10-23 02:23:26,108: INFO: template: Creating empty file : src\Chatbot\config\__init__.py]
[2025-10-23 02:23:26,109: INFO: template: Creating Directory:src\Chatbot\config for the configration.py]
[2025-10-23 02:23:26,110: INFO: template: Creating empty file : src\Chatbot\config\configration.py]
[2025-10-23 02:23:26,111: INFO: template: Creating Directory:src\Chatbot\pipeline for the __init__.py]
[2025-10-23 02:23:26,112: INFO: template: Creating empty file : src\Chatbot\pipeline\__init__.py]
[2025-10-23 02:23:26,113: INFO: template: Creating Directory:src\Chatbot\entity for the __init__.py]
[2025-10-23 02:23:26,114: INFO: template: Creating empty file : src\Chatbot\entity\__init__.py]
[2025-10-23 02:23:26,114: INFO: template: Creating Directory:src\Chatbot\constants for the __init__.py]
[2025-10-23 02:23:26,115: INFO: template: Creating empty file : src\Chatbot\constants\__init__.py]
[2025-10-23 02:23:26,120: INFO: template: Creating Directory:config for the config.yaml]
[2025-10-23 02:23:26,121: INFO: template: Creating empty file : config\config.yaml]
[2025-10-23 02:23:26,122: INFO: template: Creating Directory:param for the params.yaml]
[2025-10-23 02:23:26,123: INFO: template: Creating empty file : param\params.yaml]
[2025-10-23 02:23:26,123: INFO: template: Creating empty file : app.py]
[2025-10-23 02:23:26,124: INFO: template: Creating empty file : main.py]
[2025-10-23 02:23:26,126: INFO: template: Creating empty file : .gitignore]
[2025-10-23 02:23:26,127: INFO: template: Creating empty file : Dockerfile]
[2025-10-23 02:23:26,128: INFO: template: Creating empty file : .dockerignore]
[2025-10-23 02:23:26,129: INFO: template: Creating empty file : requirements.txt]
[2025-10-23 02:23:26,133: INFO: template: Creating empty file : setup.py]
